#
# There is insufficient memory for the Java Runtime Environment to continue.
# Native memory allocation (malloc) failed to allocate 92976 bytes. Error detail: Chunk::new
# Possible reasons:
#   The system is out of physical RAM or swap space
#   This process is running with CompressedOops enabled, and the Java Heap may be blocking the growth of the native heap
# Possible solutions:
#   Reduce memory load on the system
#   Increase physical memory or swap space
#   Check if swap backing store is full
#   Decrease Java heap size (-Xmx/-Xms)
#   Decrease number of Java threads
#   Decrease Java thread stack sizes (-Xss)
#   Set larger code cache with -XX:ReservedCodeCacheSize=
#   JVM is running with Unscaled Compressed Oops mode in which the Java heap is
#     placed in the first 4GB address space. The Java Heap base address is the
#     maximum limit for the native heap growth. Please use -XX:HeapBaseMinAddress
#     to set the Java Heap base and to place the Java Heap above 4GB virtual address.
# This output file may be truncated or incomplete.
#
#  Out of Memory Error (arena.cpp:191), pid=15724, tid=20012
#
# JRE version: OpenJDK Runtime Environment Temurin-17.0.11+9 (17.0.11+9) (build 17.0.11+9)
# Java VM: OpenJDK 64-Bit Server VM Temurin-17.0.11+9 (17.0.11+9, mixed mode, tiered, compressed oops, compressed class ptrs, parallel gc, windows-amd64)
# No core dump will be written. Minidumps are not enabled by default on client versions of Windows
#

---------------  S U M M A R Y ------------

Command Line: --add-modules=ALL-SYSTEM --add-opens=java.base/java.util=ALL-UNNAMED --add-opens=java.base/java.lang=ALL-UNNAMED --add-opens=java.base/sun.nio.fs=ALL-UNNAMED -Declipse.application=org.eclipse.jdt.ls.core.id1 -Dosgi.bundles.defaultStartLevel=4 -Declipse.product=org.eclipse.jdt.ls.core.product -Djava.import.generatesMetadataFilesAtProjectRoot=false -DDetectVMInstallationsJob.disabled=true -Dfile.encoding=utf8 -XX:+UseParallelGC -XX:GCTimeRatio=4 -XX:AdaptiveSizePolicyWeight=90 -Dsun.zip.disableMemoryMapping=true -Xmx1G -Xms100m -Xlog:disable -javaagent:c:\Users\sonal\.vscode\extensions\redhat.java-1.32.0-win32-x64\lombok\lombok-1.18.33.jar -XX:+HeapDumpOnOutOfMemoryError -XX:HeapDumpPath=c:\Users\sonal\AppData\Roaming\Code\User\workspaceStorage\d6adfddfb8cd7e73dcb91b38dd2ae75c\redhat.java -Daether.dependencyCollector.impl=bf c:\Users\sonal\.vscode\extensions\redhat.java-1.32.0-win32-x64\server\plugins\org.eclipse.equinox.launcher_1.6.900.v20240613-2009.jar -configuration c:\Users\sonal\AppData\Roaming\Code\User\globalStorage\redhat.java\1.32.0\config_win -data c:\Users\sonal\AppData\Roaming\Code\User\workspaceStorage\d6adfddfb8cd7e73dcb91b38dd2ae75c\redhat.java\jdt_ws --pipe=\\.\pipe\lsp-f29074a004df46895c3150d6665bb469-sock

Host: Intel(R) Core(TM) i5-10210U CPU @ 1.60GHz, 8 cores, 7G,  Windows 11 , 64 bit Build 22621 (10.0.22621.3672)
Time: Thu Jul 18 17:18:08 2024 India Standard Time elapsed time: 5.929432 seconds (0d 0h 0m 5s)

---------------  T H R E A D  ---------------

Current thread (0x00000232b7f4af60):  JavaThread "C2 CompilerThread0" daemon [_thread_in_native, id=20012, stack(0x0000008024600000,0x0000008024700000)]


Current CompileTask:
C2:   5929 1498       4       java.io.WinNTFileSystem::normalize (143 bytes)

Stack: [0x0000008024600000,0x0000008024700000]
Native frames: (J=compiled Java code, j=interpreted, Vv=VM code, C=native code)
V  [jvm.dll+0x67d429]
V  [jvm.dll+0x834b7a]
V  [jvm.dll+0x83663e]
V  [jvm.dll+0x836ca3]
V  [jvm.dll+0x247dbf]
V  [jvm.dll+0xac534]
V  [jvm.dll+0xacb7c]
V  [jvm.dll+0x566253]
V  [jvm.dll+0x1bd287]
V  [jvm.dll+0x21a5c9]
V  [jvm.dll+0x2198b1]
V  [jvm.dll+0x1a534d]
V  [jvm.dll+0x2295cd]
V  [jvm.dll+0x22779c]
V  [jvm.dll+0x7e9d07]
V  [jvm.dll+0x7e410a]
V  [jvm.dll+0x67c315]
C  [ucrtbase.dll+0x29333]
C  [KERNEL32.DLL+0x1257d]
C  [ntdll.dll+0x5af28]


---------------  P R O C E S S  ---------------

Threads class SMR info:
_java_thread_list=0x00000232b95df360, length=15, elements={
0x000002329ef63000, 0x00000232b2ded010, 0x000002329f007ef0, 0x00000232b7f47f20,
0x00000232b7f488f0, 0x00000232b7f494b0, 0x00000232b7f4a070, 0x00000232b7f4af60,
0x00000232b7f4d970, 0x00000232b7f4e370, 0x00000232b804e1e0, 0x00000232b81c66c0,
0x00000232b961ff10, 0x00000232b95f9ea0, 0x00000232b95fa380
}

Java Threads: ( => current thread )
  0x000002329ef63000 JavaThread "main" [_thread_in_native, id=3088, stack(0x0000008023d00000,0x0000008023e00000)]
  0x00000232b2ded010 JavaThread "Reference Handler" daemon [_thread_blocked, id=13368, stack(0x0000008024000000,0x0000008024100000)]
  0x000002329f007ef0 JavaThread "Finalizer" daemon [_thread_blocked, id=25144, stack(0x0000008024100000,0x0000008024200000)]
  0x00000232b7f47f20 JavaThread "Signal Dispatcher" daemon [_thread_blocked, id=23272, stack(0x0000008024200000,0x0000008024300000)]
  0x00000232b7f488f0 JavaThread "Attach Listener" daemon [_thread_blocked, id=12256, stack(0x0000008024300000,0x0000008024400000)]
  0x00000232b7f494b0 JavaThread "Service Thread" daemon [_thread_blocked, id=18296, stack(0x0000008024400000,0x0000008024500000)]
  0x00000232b7f4a070 JavaThread "Monitor Deflation Thread" daemon [_thread_blocked, id=23108, stack(0x0000008024500000,0x0000008024600000)]
=>0x00000232b7f4af60 JavaThread "C2 CompilerThread0" daemon [_thread_in_native, id=20012, stack(0x0000008024600000,0x0000008024700000)]
  0x00000232b7f4d970 JavaThread "C1 CompilerThread0" daemon [_thread_blocked, id=18016, stack(0x0000008024700000,0x0000008024800000)]
  0x00000232b7f4e370 JavaThread "Sweeper thread" daemon [_thread_blocked, id=16760, stack(0x0000008024800000,0x0000008024900000)]
  0x00000232b804e1e0 JavaThread "Common-Cleaner" daemon [_thread_blocked, id=19864, stack(0x0000008024900000,0x0000008024a00000)]
  0x00000232b81c66c0 JavaThread "Notification Thread" daemon [_thread_blocked, id=17972, stack(0x0000008024a00000,0x0000008024b00000)]
  0x00000232b961ff10 JavaThread "Active Thread: Equinox Container: ebf055ba-3e27-442c-b868-228fa55b0598" [_thread_blocked, id=18944, stack(0x0000008025200000,0x0000008025300000)]
  0x00000232b95f9ea0 JavaThread "Framework Event Dispatcher: Equinox Container: ebf055ba-3e27-442c-b868-228fa55b0598" daemon [_thread_blocked, id=18228, stack(0x0000008025300000,0x0000008025400000)]
  0x00000232b95fa380 JavaThread "Start Level: Equinox Container: ebf055ba-3e27-442c-b868-228fa55b0598" daemon [_thread_in_native, id=22648, stack(0x0000008025400000,0x0000008025500000)]

Other Threads:
  0x000002329efe9c50 VMThread "VM Thread" [stack: 0x0000008023f00000,0x0000008024000000] [id=24472]
  0x00000232b82d9c60 WatcherThread [stack: 0x0000008024b00000,0x0000008024c00000] [id=11832]
  0x000002329ef77740 GCTaskThread "GC Thread#0" [stack: 0x0000008023e00000,0x0000008023f00000] [id=7364]
  0x00000232b90e5950 GCTaskThread "GC Thread#1" [stack: 0x0000008024c00000,0x0000008024d00000] [id=17316]
  0x00000232b90e5c10 GCTaskThread "GC Thread#2" [stack: 0x0000008024d00000,0x0000008024e00000] [id=20676]
  0x00000232b90e5ed0 GCTaskThread "GC Thread#3" [stack: 0x0000008024e00000,0x0000008024f00000] [id=1724]
  0x00000232b90e6190 GCTaskThread "GC Thread#4" [stack: 0x0000008024f00000,0x0000008025000000] [id=16744]
  0x00000232b90e6450 GCTaskThread "GC Thread#5" [stack: 0x0000008025000000,0x0000008025100000] [id=20016]
  0x00000232b9351030 GCTaskThread "GC Thread#6" [stack: 0x0000008025100000,0x0000008025200000] [id=25524]

Threads with active compile tasks:
C2 CompilerThread0     5993 1498       4       java.io.WinNTFileSystem::normalize (143 bytes)

VM state: not at safepoint (normal execution)

VM Mutex/Monitor currently owned by a thread: None

Heap address: 0x00000000c0000000, size: 1024 MB, Compressed Oops mode: 32-bit

CDS archive(s) not mapped
Compressed class space mapped at: 0x0000000100000000-0x0000000140000000, reserved size: 1073741824
Narrow klass base: 0x0000000000000000, Narrow klass shift: 3, Narrow klass range: 0x140000000

GC Precious Log:
 CPUs: 8 total, 8 available
 Memory: 7995M
 Large Page Support: Disabled
 NUMA Support: Disabled
 Compressed Oops: Enabled (32-bit)
 Alignments: Space 512K, Generation 512K, Heap 2M
 Heap Min Capacity: 100M
 Heap Initial Capacity: 100M
 Heap Max Capacity: 1G
 Pre-touch: Disabled
 Parallel Workers: 8

Heap:
 PSYoungGen      total 29696K, used 25913K [0x00000000eab00000, 0x00000000ecc00000, 0x0000000100000000)
  eden space 25600K, 88% used [0x00000000eab00000,0x00000000ec13d350,0x00000000ec400000)
  from space 4096K, 76% used [0x00000000ec400000,0x00000000ec711278,0x00000000ec800000)
  to   space 4096K, 0% used [0x00000000ec800000,0x00000000ec800000,0x00000000ecc00000)
 ParOldGen       total 68608K, used 16K [0x00000000c0000000, 0x00000000c4300000, 0x00000000eab00000)
  object space 68608K, 0% used [0x00000000c0000000,0x00000000c0004000,0x00000000c4300000)
 Metaspace       used 13887K, committed 14080K, reserved 1114112K
  class space    used 1376K, committed 1472K, reserved 1048576K

Card table byte_map: [0x000002329e8f0000,0x000002329eb00000] _byte_map_base: 0x000002329e2f0000

Marking Bits: (ParMarkBitMap*) 0x00007ff8cd6fd820
 Begin Bits: [0x00000232b0bf0000, 0x00000232b1bf0000)
 End Bits:   [0x00000232b1bf0000, 0x00000232b2bf0000)

Polling page: 0x000002329cf20000

Metaspace:

Usage:
  Non-class:     12.22 MB used.
      Class:      1.34 MB used.
       Both:     13.56 MB used.

Virtual space:
  Non-class space:       64.00 MB reserved,      12.31 MB ( 19%) committed,  1 nodes.
      Class space:        1.00 GB reserved,       1.44 MB ( <1%) committed,  1 nodes.
             Both:        1.06 GB reserved,      13.75 MB (  1%) committed. 

Chunk freelists:
   Non-Class:  3.28 MB
       Class:  14.47 MB
        Both:  17.76 MB

MaxMetaspaceSize: unlimited
CompressedClassSpaceSize: 1.00 GB
Initial GC threshold: 21.00 MB
Current GC threshold: 21.00 MB
CDS: off
MetaspaceReclaimPolicy: balanced
 - commit_granule_bytes: 65536.
 - commit_granule_words: 8192.
 - virtual_space_node_default_size: 8388608.
 - enlarge_chunks_in_place: 1.
 - new_chunks_are_fully_committed: 0.
 - uncommit_free_chunks: 1.
 - use_allocation_guard: 0.
 - handle_deallocations: 1.


Internal statistics:

num_allocs_failed_limit: 0.
num_arena_births: 56.
num_arena_deaths: 0.
num_vsnodes_births: 2.
num_vsnodes_deaths: 0.
num_space_committed: 220.
num_space_uncommitted: 0.
num_chunks_returned_to_freelist: 0.
num_chunks_taken_from_freelist: 218.
num_chunk_merges: 0.
num_chunk_splits: 150.
num_chunks_enlarged: 124.
num_inconsistent_stats: 0.

CodeHeap 'non-profiled nmethods': size=120000Kb used=609Kb max_used=609Kb free=119390Kb
 bounds [0x00000232a96c0000, 0x00000232a9930000, 0x00000232b0bf0000]
CodeHeap 'profiled nmethods': size=120000Kb used=3005Kb max_used=3005Kb free=116994Kb
 bounds [0x00000232a1bf0000, 0x00000232a1ee0000, 0x00000232a9120000]
CodeHeap 'non-nmethods': size=5760Kb used=1156Kb max_used=1177Kb free=4603Kb
 bounds [0x00000232a9120000, 0x00000232a9390000, 0x00000232a96c0000]
 total_blobs=2004 nmethods=1554 adapters=364
 compilation: enabled
              stopped_count=0, restarted_count=0
 full_count=0

Compilation events (20 events):
Event: 5.871 Thread 0x00000232b7f4d970 1521       3       org.eclipse.core.runtime.adaptor.EclipseStarter::createURL (52 bytes)
Event: 5.872 Thread 0x00000232b7f4d970 nmethod 1521 0x00000232a1ebc490 code [0x00000232a1ebc740, 0x00000232a1ebd3e8]
Event: 5.872 Thread 0x00000232b7f4d970 1522       3       org.eclipse.osgi.storage.url.reference.Handler::<init> (35 bytes)
Event: 5.873 Thread 0x00000232b7f4d970 nmethod 1522 0x00000232a1ebd990 code [0x00000232a1ebdb80, 0x00000232a1ebe078]
Event: 5.879 Thread 0x00000232b7f4d970 1523       3       sun.net.www.protocol.file.Handler::parseURL (18 bytes)
Event: 5.879 Thread 0x00000232b7f4d970 nmethod 1523 0x00000232a1ebe290 code [0x00000232a1ebe440, 0x00000232a1ebe5f8]
Event: 5.879 Thread 0x00000232b7f4d970 1524       3       java.net.URLStreamHandler::parseURL (1201 bytes)
Event: 5.906 Thread 0x00000232b7f4d970 nmethod 1524 0x00000232a1ebe710 code [0x00000232a1ebf840, 0x00000232a1ec9de8]
Event: 5.906 Thread 0x00000232b7f4d970 1525       3       java.net.URL::<init> (11 bytes)
Event: 5.906 Thread 0x00000232b7f4d970 nmethod 1525 0x00000232a1ecdd90 code [0x00000232a1ecdf40, 0x00000232a1ece088]
Event: 5.907 Thread 0x00000232b7f4d970 1526       1       sun.nio.fs.NativeBuffer::size (5 bytes)
Event: 5.907 Thread 0x00000232b7f4d970 nmethod 1526 0x00000232a9757490 code [0x00000232a9757620, 0x00000232a97576f8]
Event: 5.908 Thread 0x00000232b7f4d970 1527       3       sun.net.util.IPAddressUtil::checkExternalForm (70 bytes)
Event: 5.909 Thread 0x00000232b7f4d970 nmethod 1527 0x00000232a1ece110 code [0x00000232a1ece3e0, 0x00000232a1ecf058]
Event: 5.910 Thread 0x00000232b7f4d970 1528       3       sun.nio.fs.WindowsPathParser::normalize (233 bytes)
Event: 5.914 Thread 0x00000232b7f4d970 nmethod 1528 0x00000232a1ecf510 code [0x00000232a1ecfae0, 0x00000232a1ed26e8]
Event: 5.914 Thread 0x00000232b7f4d970 1530       3       org.eclipse.core.runtime.adaptor.EclipseStarter::createURL (6 bytes)
Event: 5.914 Thread 0x00000232b7f4d970 nmethod 1530 0x00000232a1ed3810 code [0x00000232a1ed39a0, 0x00000232a1ed3ac8]
Event: 5.914 Thread 0x00000232b7f4d970 1529       1       sun.nio.fs.NativeBuffer::setOwner (6 bytes)
Event: 5.914 Thread 0x00000232b7f4d970 nmethod 1529 0x00000232a9757790 code [0x00000232a9757920, 0x00000232a97579f8]

GC Heap History (2 events):
Event: 3.911 GC heap before
{Heap before GC invocations=1 (full 0):
 PSYoungGen      total 29696K, used 25600K [0x00000000eab00000, 0x00000000ecc00000, 0x0000000100000000)
  eden space 25600K, 100% used [0x00000000eab00000,0x00000000ec400000,0x00000000ec400000)
  from space 4096K, 0% used [0x00000000ec800000,0x00000000ec800000,0x00000000ecc00000)
  to   space 4096K, 0% used [0x00000000ec400000,0x00000000ec400000,0x00000000ec800000)
 ParOldGen       total 68608K, used 0K [0x00000000c0000000, 0x00000000c4300000, 0x00000000eab00000)
  object space 68608K, 0% used [0x00000000c0000000,0x00000000c0000000,0x00000000c4300000)
 Metaspace       used 10990K, committed 11200K, reserved 1114112K
  class space    used 1093K, committed 1216K, reserved 1048576K
}
Event: 3.926 GC heap after
{Heap after GC invocations=1 (full 0):
 PSYoungGen      total 29696K, used 3140K [0x00000000eab00000, 0x00000000ecc00000, 0x0000000100000000)
  eden space 25600K, 0% used [0x00000000eab00000,0x00000000eab00000,0x00000000ec400000)
  from space 4096K, 76% used [0x00000000ec400000,0x00000000ec711278,0x00000000ec800000)
  to   space 4096K, 0% used [0x00000000ec800000,0x00000000ec800000,0x00000000ecc00000)
 ParOldGen       total 68608K, used 16K [0x00000000c0000000, 0x00000000c4300000, 0x00000000eab00000)
  object space 68608K, 0% used [0x00000000c0000000,0x00000000c0004000,0x00000000c4300000)
 Metaspace       used 10990K, committed 11200K, reserved 1114112K
  class space    used 1093K, committed 1216K, reserved 1048576K
}

Dll operation events (8 events):
Event: 0.087 Loaded shared library c:\Users\sonal\.vscode\extensions\redhat.java-1.32.0-win32-x64\jre\17.0.11-win32-x86_64\bin\java.dll
Event: 0.784 Loaded shared library c:\Users\sonal\.vscode\extensions\redhat.java-1.32.0-win32-x64\jre\17.0.11-win32-x86_64\bin\zip.dll
Event: 0.804 Loaded shared library C:\Users\sonal\.vscode\extensions\redhat.java-1.32.0-win32-x64\jre\17.0.11-win32-x86_64\bin\instrument.dll
Event: 0.880 Loaded shared library C:\Users\sonal\.vscode\extensions\redhat.java-1.32.0-win32-x64\jre\17.0.11-win32-x86_64\bin\net.dll
Event: 0.903 Loaded shared library C:\Users\sonal\.vscode\extensions\redhat.java-1.32.0-win32-x64\jre\17.0.11-win32-x86_64\bin\nio.dll
Event: 0.945 Loaded shared library C:\Users\sonal\.vscode\extensions\redhat.java-1.32.0-win32-x64\jre\17.0.11-win32-x86_64\bin\zip.dll
Event: 0.996 Loaded shared library C:\Users\sonal\.vscode\extensions\redhat.java-1.32.0-win32-x64\jre\17.0.11-win32-x86_64\bin\jimage.dll
Event: 1.294 Loaded shared library c:\Users\sonal\.vscode\extensions\redhat.java-1.32.0-win32-x64\jre\17.0.11-win32-x86_64\bin\verify.dll

Deoptimization events (20 events):
Event: 5.633 Thread 0x000002329ef63000 Uncommon trap: trap_request=0xffffffde fr.pc=0x00000232a9718598 relative=0x0000000000000978
Event: 5.633 Thread 0x000002329ef63000 Uncommon trap: reason=class_check action=maybe_recompile pc=0x00000232a9718598 method=java.util.HashMap.putVal(ILjava/lang/Object;Ljava/lang/Object;ZZ)Ljava/lang/Object; @ 253 c2
Event: 5.633 Thread 0x000002329ef63000 DEOPT PACKING pc=0x00000232a9718598 sp=0x0000008023dfd9d0
Event: 5.633 Thread 0x000002329ef63000 DEOPT UNPACKING pc=0x00000232a91766a3 sp=0x0000008023dfd950 mode 2
Event: 5.703 Thread 0x000002329ef63000 DEOPT PACKING pc=0x00000232a1d11938 sp=0x0000008023dfbf90
Event: 5.703 Thread 0x000002329ef63000 DEOPT UNPACKING pc=0x00000232a9176e43 sp=0x0000008023dfb410 mode 0
Event: 5.707 Thread 0x000002329ef63000 DEOPT PACKING pc=0x00000232a1d11938 sp=0x0000008023dfbef0
Event: 5.707 Thread 0x000002329ef63000 DEOPT UNPACKING pc=0x00000232a9176e43 sp=0x0000008023dfb370 mode 0
Event: 5.708 Thread 0x000002329ef63000 Uncommon trap: trap_request=0xffffff45 fr.pc=0x00000232a96f823c relative=0x000000000000011c
Event: 5.708 Thread 0x000002329ef63000 Uncommon trap: reason=unstable_if action=reinterpret pc=0x00000232a96f823c method=java.math.BigInteger.addOne([IIII)I @ 55 c2
Event: 5.708 Thread 0x000002329ef63000 DEOPT PACKING pc=0x00000232a96f823c sp=0x0000008023dfc220
Event: 5.708 Thread 0x000002329ef63000 DEOPT UNPACKING pc=0x00000232a91766a3 sp=0x0000008023dfc1a0 mode 2
Event: 5.710 Thread 0x000002329ef63000 DEOPT PACKING pc=0x00000232a1d11938 sp=0x0000008023dfc1e0
Event: 5.710 Thread 0x000002329ef63000 DEOPT UNPACKING pc=0x00000232a9176e43 sp=0x0000008023dfb660 mode 0
Event: 5.838 Thread 0x000002329ef63000 DEOPT PACKING pc=0x00000232a1ceab43 sp=0x0000008023dfdfe0
Event: 5.838 Thread 0x000002329ef63000 DEOPT UNPACKING pc=0x00000232a9176e43 sp=0x0000008023dfd500 mode 0
Event: 5.874 Thread 0x000002329ef63000 DEOPT PACKING pc=0x00000232a1ceab43 sp=0x0000008023dfdf60
Event: 5.874 Thread 0x000002329ef63000 DEOPT UNPACKING pc=0x00000232a9176e43 sp=0x0000008023dfd480 mode 0
Event: 5.911 Thread 0x000002329ef63000 DEOPT PACKING pc=0x00000232a1ceab43 sp=0x0000008023dfdfe0
Event: 5.911 Thread 0x000002329ef63000 DEOPT UNPACKING pc=0x00000232a9176e43 sp=0x0000008023dfd500 mode 0

Classes unloaded (0 events):
No events

Classes redefined (0 events):
No events

Internal exceptions (20 events):
Event: 2.839 Thread 0x000002329ef63000 Exception <a 'java/io/FileNotFoundException'{0x00000000eb88dae8}> (0x00000000eb88dae8) 
thrown [s\src\hotspot\share\prims\jni.cpp, line 516]
Event: 2.839 Thread 0x000002329ef63000 Exception <a 'java/io/FileNotFoundException'{0x00000000eb88e7a8}> (0x00000000eb88e7a8) 
thrown [s\src\hotspot\share\prims\jni.cpp, line 516]
Event: 2.844 Thread 0x000002329ef63000 Implicit null exception at 0x00000232a96e5f72 to 0x00000232a96e64c0
Event: 2.844 Thread 0x000002329ef63000 Implicit null exception at 0x00000232a96e6b72 to 0x00000232a96e70d4
Event: 2.851 Thread 0x000002329ef63000 Exception <a 'java/io/FileNotFoundException'{0x00000000eb8c9290}> (0x00000000eb8c9290) 
thrown [s\src\hotspot\share\prims\jni.cpp, line 516]
Event: 3.641 Thread 0x000002329ef63000 Exception <a 'java/lang/ClassNotFoundException'{0x00000000ec0e6fa0}: sun/net/www/protocol/c/Handler> (0x00000000ec0e6fa0) 
thrown [s\src\hotspot\share\classfile\systemDictionary.cpp, line 256]
Event: 3.641 Thread 0x000002329ef63000 Exception <a 'java/lang/ClassNotFoundException'{0x00000000ec0e8300}: sun/net/www/protocol/e/Handler> (0x00000000ec0e8300) 
thrown [s\src\hotspot\share\classfile\systemDictionary.cpp, line 256]
Event: 3.641 Thread 0x000002329ef63000 Exception <a 'java/lang/ClassNotFoundException'{0x00000000ec0e94a0}: sun/net/www/protocol/c/Handler> (0x00000000ec0e94a0) 
thrown [s\src\hotspot\share\classfile\systemDictionary.cpp, line 256]
Event: 3.661 Thread 0x000002329ef63000 Exception <a 'java/io/FileNotFoundException'{0x00000000ec110ad0}> (0x00000000ec110ad0) 
thrown [s\src\hotspot\share\prims\jni.cpp, line 516]
Event: 3.753 Thread 0x000002329ef63000 Implicit null exception at 0x00000232a97026e0 to 0x00000232a970305c
Event: 3.753 Thread 0x000002329ef63000 Implicit null exception at 0x00000232a970b9ec to 0x00000232a970bbdc
Event: 3.754 Thread 0x000002329ef63000 Implicit null exception at 0x00000232a970c0ec to 0x00000232a970c2d8
Event: 3.905 Thread 0x000002329ef63000 Exception <a 'java/lang/NoSuchMethodError'{0x00000000ec3ea2f0}: 'int java.lang.invoke.DirectMethodHandle$Holder.invokeStaticInit(java.lang.Object, java.lang.Object, java.lang.Object, java.lang.Object)'> (0x00000000ec3ea2f0) 
thrown [s\src\hotspot\share\interpreter\linkResolver.cpp, line 759]
Event: 3.907 Thread 0x000002329ef63000 Exception <a 'java/lang/NoSuchMethodError'{0x00000000ec3f4960}: 'java.lang.Object java.lang.invoke.DirectMethodHandle$Holder.invokeInterface(java.lang.Object, java.lang.Object)'> (0x00000000ec3f4960) 
thrown [s\src\hotspot\share\interpreter\linkResolver.cpp, line 759]
Event: 3.908 Thread 0x000002329ef63000 Exception <a 'java/lang/IncompatibleClassChangeError'{0x00000000ec3f8158}: Found class java.lang.Object, but interface was expected> (0x00000000ec3f8158) 
thrown [s\src\hotspot\share\interpreter\linkResolver.cpp, line 826]
Event: 3.910 Thread 0x000002329ef63000 Exception <a 'java/lang/NoSuchMethodError'{0x00000000ec3fc648}: 'void java.lang.invoke.DirectMethodHandle$Holder.invokeStatic(java.lang.Object, java.lang.Object)'> (0x00000000ec3fc648) 
thrown [s\src\hotspot\share\interpreter\linkResolver.cpp, line 759]
Event: 3.926 Thread 0x000002329ef63000 Exception <a 'java/lang/NoSuchMethodError'{0x00000000eab00090}: 'void java.lang.invoke.DirectMethodHandle$Holder.invokeStaticInit(java.lang.Object, java.lang.Object)'> (0x00000000eab00090) 
thrown [s\src\hotspot\share\interpreter\linkResolver.cpp, line 759]
Event: 3.928 Thread 0x000002329ef63000 Exception <a 'java/lang/NoSuchMethodError'{0x00000000eab07580}: 'int java.lang.invoke.DirectMethodHandle$Holder.invokeStaticInit(java.lang.Object, java.lang.Object)'> (0x00000000eab07580) 
thrown [s\src\hotspot\share\interpreter\linkResolver.cpp, line 759]
Event: 4.344 Thread 0x000002329ef63000 Exception <a 'java/lang/NoSuchMethodError'{0x00000000eac54a28}: 'void java.lang.invoke.DirectMethodHandle$Holder.invokeSpecial(java.lang.Object, java.lang.Object, java.lang.Object)'> (0x00000000eac54a28) 
thrown [s\src\hotspot\share\interpreter\linkResolver.cpp, line 759]
Event: 5.594 Thread 0x000002329ef63000 Exception <a 'java/lang/NoSuchMethodError'{0x00000000eba80378}: 'java.lang.Object java.lang.invoke.DirectMethodHandle$Holder.newInvokeSpecial(java.lang.Object, int, java.lang.Object)'> (0x00000000eba80378) 
thrown [s\src\hotspot\share\interpreter\linkResolver.cpp, line 759]

VM Operations (20 events):
Event: 2.122 Executing VM operation: Cleanup
Event: 2.142 Executing VM operation: Cleanup done
Event: 2.778 Executing VM operation: HandshakeAllThreads
Event: 2.778 Executing VM operation: HandshakeAllThreads done
Event: 2.818 Executing VM operation: HandshakeAllThreads
Event: 2.818 Executing VM operation: HandshakeAllThreads done
Event: 3.828 Executing VM operation: Cleanup
Event: 3.829 Executing VM operation: Cleanup done
Event: 3.911 Executing VM operation: ParallelGCFailedAllocation
Event: 3.926 Executing VM operation: ParallelGCFailedAllocation done
Event: 4.930 Executing VM operation: Cleanup
Event: 4.931 Executing VM operation: Cleanup done
Event: 5.534 Executing VM operation: HandshakeAllThreads
Event: 5.536 Executing VM operation: HandshakeAllThreads done
Event: 5.537 Executing VM operation: HandshakeAllThreads
Event: 5.537 Executing VM operation: HandshakeAllThreads done
Event: 5.548 Executing VM operation: HandshakeAllThreads
Event: 5.548 Executing VM operation: HandshakeAllThreads done
Event: 5.585 Executing VM operation: HandshakeAllThreads
Event: 5.585 Executing VM operation: HandshakeAllThreads done

Events (20 events):
Event: 5.681 loading class javax/xml/parsers/ParserConfigurationException
Event: 5.681 loading class javax/xml/parsers/ParserConfigurationException done
Event: 5.687 loading class java/security/KeyStoreException
Event: 5.687 loading class java/security/KeyStoreException done
Event: 5.697 loading class sun/security/x509/SubjectAlternativeNameExtension
Event: 5.698 loading class sun/security/x509/SubjectAlternativeNameExtension done
Event: 5.698 loading class sun/security/x509/RFC822Name
Event: 5.698 loading class sun/security/x509/RFC822Name done
Event: 5.734 loading class java/util/LinkedList$Node
Event: 5.734 loading class java/util/LinkedList$Node done
Event: 5.734 loading class java/util/LinkedList$ListItr
Event: 5.734 loading class java/util/LinkedList$ListItr done
Event: 5.747 loading class sun/nio/fs/WindowsChannelFactory
Event: 5.747 loading class sun/nio/fs/WindowsChannelFactory done
Event: 5.747 loading class sun/nio/fs/WindowsChannelFactory$1
Event: 5.747 loading class sun/nio/fs/WindowsChannelFactory$1 done
Event: 5.747 loading class sun/nio/fs/WindowsChannelFactory$Flags
Event: 5.748 loading class sun/nio/fs/WindowsChannelFactory$Flags done
Event: 5.748 loading class sun/nio/ch/FileChannelImpl$Closer
Event: 5.748 loading class sun/nio/ch/FileChannelImpl$Closer done


Dynamic libraries:
0x00007ff7a2140000 - 0x00007ff7a214e000 	c:\Users\sonal\.vscode\extensions\redhat.java-1.32.0-win32-x64\jre\17.0.11-win32-x86_64\bin\java.exe
0x00007ff963a70000 - 0x00007ff963c87000 	C:\WINDOWS\SYSTEM32\ntdll.dll
0x00007ff962530000 - 0x00007ff9625f4000 	C:\WINDOWS\System32\KERNEL32.DLL
0x00007ff961030000 - 0x00007ff9613dd000 	C:\WINDOWS\System32\KERNELBASE.dll
0x00007ff960f10000 - 0x00007ff961021000 	C:\WINDOWS\System32\ucrtbase.dll
0x00007ff95bf70000 - 0x00007ff95bf87000 	c:\Users\sonal\.vscode\extensions\redhat.java-1.32.0-win32-x64\jre\17.0.11-win32-x86_64\bin\jli.dll
0x00007ff9494e0000 - 0x00007ff9494fb000 	c:\Users\sonal\.vscode\extensions\redhat.java-1.32.0-win32-x64\jre\17.0.11-win32-x86_64\bin\VCRUNTIME140.dll
0x00007ff962b80000 - 0x00007ff962d2e000 	C:\WINDOWS\System32\USER32.dll
0x00007ff9615f0000 - 0x00007ff961616000 	C:\WINDOWS\System32\win32u.dll
0x00007ff940870000 - 0x00007ff940b03000 	C:\WINDOWS\WinSxS\amd64_microsoft.windows.common-controls_6595b64144ccf1df_6.0.22621.3672_none_2713b9d173822955\COMCTL32.dll
0x00007ff962640000 - 0x00007ff962669000 	C:\WINDOWS\System32\GDI32.dll
0x00007ff961a70000 - 0x00007ff961b17000 	C:\WINDOWS\System32\msvcrt.dll
0x00007ff9613e0000 - 0x00007ff9614f9000 	C:\WINDOWS\System32\gdi32full.dll
0x00007ff961650000 - 0x00007ff9616ea000 	C:\WINDOWS\System32\msvcp_win.dll
0x00007ff962600000 - 0x00007ff962631000 	C:\WINDOWS\System32\IMM32.DLL
0x00007ff949510000 - 0x00007ff94951c000 	c:\Users\sonal\.vscode\extensions\redhat.java-1.32.0-win32-x64\jre\17.0.11-win32-x86_64\bin\vcruntime140_1.dll
0x00007ff925b40000 - 0x00007ff925bcd000 	c:\Users\sonal\.vscode\extensions\redhat.java-1.32.0-win32-x64\jre\17.0.11-win32-x86_64\bin\msvcp140.dll
0x00007ff8ccb60000 - 0x00007ff8cd7c2000 	c:\Users\sonal\.vscode\extensions\redhat.java-1.32.0-win32-x64\jre\17.0.11-win32-x86_64\bin\server\jvm.dll
0x00007ff962f90000 - 0x00007ff963042000 	C:\WINDOWS\System32\ADVAPI32.dll
0x00007ff962d30000 - 0x00007ff962dd9000 	C:\WINDOWS\System32\sechost.dll
0x00007ff961620000 - 0x00007ff961648000 	C:\WINDOWS\System32\bcrypt.dll
0x00007ff9620c0000 - 0x00007ff9621d4000 	C:\WINDOWS\System32\RPCRT4.dll
0x00007ff960ab0000 - 0x00007ff960afd000 	C:\WINDOWS\SYSTEM32\POWRPROF.dll
0x00007ff8feca0000 - 0x00007ff8feca9000 	C:\WINDOWS\SYSTEM32\WSOCK32.dll
0x00007ff9619f0000 - 0x00007ff961a61000 	C:\WINDOWS\System32\WS2_32.dll
0x00007ff95c3d0000 - 0x00007ff95c404000 	C:\WINDOWS\SYSTEM32\WINMM.dll
0x00007ff9591e0000 - 0x00007ff9591ea000 	C:\WINDOWS\SYSTEM32\VERSION.dll
0x00007ff960a90000 - 0x00007ff960aa3000 	C:\WINDOWS\SYSTEM32\UMPDC.dll
0x00007ff95fd90000 - 0x00007ff95fda8000 	C:\WINDOWS\SYSTEM32\kernel.appcore.dll
0x00007ff949460000 - 0x00007ff94946a000 	c:\Users\sonal\.vscode\extensions\redhat.java-1.32.0-win32-x64\jre\17.0.11-win32-x86_64\bin\jimage.dll
0x00007ff95e630000 - 0x00007ff95e862000 	C:\WINDOWS\SYSTEM32\DBGHELP.DLL
0x00007ff9627f0000 - 0x00007ff962b78000 	C:\WINDOWS\System32\combase.dll
0x00007ff961910000 - 0x00007ff9619e7000 	C:\WINDOWS\System32\OLEAUT32.dll
0x00007ff945a90000 - 0x00007ff945ac2000 	C:\WINDOWS\SYSTEM32\dbgcore.DLL
0x00007ff961500000 - 0x00007ff96157b000 	C:\WINDOWS\System32\bcryptPrimitives.dll
0x00007ff941d60000 - 0x00007ff941d6e000 	c:\Users\sonal\.vscode\extensions\redhat.java-1.32.0-win32-x64\jre\17.0.11-win32-x86_64\bin\instrument.dll
0x00007ff92e320000 - 0x00007ff92e345000 	c:\Users\sonal\.vscode\extensions\redhat.java-1.32.0-win32-x64\jre\17.0.11-win32-x86_64\bin\java.dll
0x00007ff941630000 - 0x00007ff941648000 	c:\Users\sonal\.vscode\extensions\redhat.java-1.32.0-win32-x64\jre\17.0.11-win32-x86_64\bin\zip.dll
0x00007ff963150000 - 0x00007ff9639af000 	C:\WINDOWS\System32\SHELL32.dll
0x00007ff95eca0000 - 0x00007ff95f59c000 	C:\WINDOWS\SYSTEM32\windows.storage.dll
0x00007ff95eb60000 - 0x00007ff95ec9f000 	C:\WINDOWS\SYSTEM32\wintypes.dll
0x00007ff963050000 - 0x00007ff963144000 	C:\WINDOWS\System32\SHCORE.dll
0x00007ff9639b0000 - 0x00007ff963a0e000 	C:\WINDOWS\System32\shlwapi.dll
0x00007ff960cd0000 - 0x00007ff960cf1000 	C:\WINDOWS\SYSTEM32\profapi.dll
0x00007ff937cf0000 - 0x00007ff937d09000 	C:\Users\sonal\.vscode\extensions\redhat.java-1.32.0-win32-x64\jre\17.0.11-win32-x86_64\bin\net.dll
0x00007ff95c9c0000 - 0x00007ff95caf6000 	C:\WINDOWS\SYSTEM32\WINHTTP.dll
0x00007ff960200000 - 0x00007ff960269000 	C:\WINDOWS\system32\mswsock.dll
0x00007ff9379f0000 - 0x00007ff937a06000 	C:\Users\sonal\.vscode\extensions\redhat.java-1.32.0-win32-x64\jre\17.0.11-win32-x86_64\bin\nio.dll
0x00007ff941d20000 - 0x00007ff941d30000 	c:\Users\sonal\.vscode\extensions\redhat.java-1.32.0-win32-x64\jre\17.0.11-win32-x86_64\bin\verify.dll
0x00007ff92dd80000 - 0x00007ff92ddc4000 	C:\Users\sonal\AppData\Roaming\Code\User\globalStorage\redhat.java\1.32.0\config_win\org.eclipse.equinox.launcher\org.eclipse.equinox.launcher.win32.win32.x86_64_1.2.1100.v20240613-2013\eclipse_11903.dll
0x00007ff962de0000 - 0x00007ff962f85000 	C:\WINDOWS\System32\ole32.dll

dbghelp: loaded successfully - version: 4.0.5 - missing functions: none
symbol engine: initialized successfully - sym options: 0x614 - pdb path: .;c:\Users\sonal\.vscode\extensions\redhat.java-1.32.0-win32-x64\jre\17.0.11-win32-x86_64\bin;C:\WINDOWS\SYSTEM32;C:\WINDOWS\WinSxS\amd64_microsoft.windows.common-controls_6595b64144ccf1df_6.0.22621.3672_none_2713b9d173822955;c:\Users\sonal\.vscode\extensions\redhat.java-1.32.0-win32-x64\jre\17.0.11-win32-x86_64\bin\server

VM Arguments:
jvm_args: --add-modules=ALL-SYSTEM --add-opens=java.base/java.util=ALL-UNNAMED --add-opens=java.base/java.lang=ALL-UNNAMED --add-opens=java.base/sun.nio.fs=ALL-UNNAMED -Declipse.application=org.eclipse.jdt.ls.core.id1 -Dosgi.bundles.defaultStartLevel=4 -Declipse.product=org.eclipse.jdt.ls.core.product -Djava.import.generatesMetadataFilesAtProjectRoot=false -DDetectVMInstallationsJob.disabled=true -Dfile.encoding=utf8 -XX:+UseParallelGC -XX:GCTimeRatio=4 -XX:AdaptiveSizePolicyWeight=90 -Dsun.zip.disableMemoryMapping=true -Xmx1G -Xms100m -Xlog:disable -javaagent:c:\Users\sonal\.vscode\extensions\redhat.java-1.32.0-win32-x64\lombok\lombok-1.18.33.jar -XX:+HeapDumpOnOutOfMemoryError -XX:HeapDumpPath=c:\Users\sonal\AppData\Roaming\Code\User\workspaceStorage\d6adfddfb8cd7e73dcb91b38dd2ae75c\redhat.java -Daether.dependencyCollector.impl=bf 
java_command: c:\Users\sonal\.vscode\extensions\redhat.java-1.32.0-win32-x64\server\plugins\org.eclipse.equinox.launcher_1.6.900.v20240613-2009.jar -configuration c:\Users\sonal\AppData\Roaming\Code\User\globalStorage\redhat.java\1.32.0\config_win -data c:\Users\sonal\AppData\Roaming\Code\User\workspaceStorage\d6adfddfb8cd7e73dcb91b38dd2ae75c\redhat.java\jdt_ws --pipe=\\.\pipe\lsp-f29074a004df46895c3150d6665bb469-sock
java_class_path (initial): c:\Users\sonal\.vscode\extensions\redhat.java-1.32.0-win32-x64\server\plugins\org.eclipse.equinox.launcher_1.6.900.v20240613-2009.jar
Launcher Type: SUN_STANDARD

[Global flags]
    uintx AdaptiveSizePolicyWeight                 = 90                                        {product} {command line}
     intx CICompilerCount                          = 4                                         {product} {ergonomic}
    uintx GCTimeRatio                              = 4                                         {product} {command line}
     bool HeapDumpOnOutOfMemoryError               = true                                   {manageable} {command line}
    ccstr HeapDumpPath                             = c:\Users\sonal\AppData\Roaming\Code\User\workspaceStorage\d6adfddfb8cd7e73dcb91b38dd2ae75c\redhat.java         {manageable} {command line}
   size_t InitialHeapSize                          = 104857600                                 {product} {command line}
   size_t MaxHeapSize                              = 1073741824                                {product} {command line}
   size_t MaxNewSize                               = 357564416                                 {product} {ergonomic}
   size_t MinHeapDeltaBytes                        = 524288                                    {product} {ergonomic}
   size_t MinHeapSize                              = 104857600                                 {product} {command line}
   size_t NewSize                                  = 34603008                                  {product} {ergonomic}
    uintx NonNMethodCodeHeapSize                   = 5839372                                {pd product} {ergonomic}
    uintx NonProfiledCodeHeapSize                  = 122909434                              {pd product} {ergonomic}
   size_t OldSize                                  = 70254592                                  {product} {ergonomic}
    uintx ProfiledCodeHeapSize                     = 122909434                              {pd product} {ergonomic}
    uintx ReservedCodeCacheSize                    = 251658240                              {pd product} {ergonomic}
     bool SegmentedCodeCache                       = true                                      {product} {ergonomic}
   size_t SoftMaxHeapSize                          = 1073741824                             {manageable} {ergonomic}
     bool UseCompressedClassPointers               = true                           {product lp64_product} {ergonomic}
     bool UseCompressedOops                        = true                           {product lp64_product} {ergonomic}
     bool UseLargePagesIndividualAllocation        = false                                  {pd product} {ergonomic}
     bool UseParallelGC                            = true                                      {product} {command line}

Logging:
Log output configuration:
 #0: stdout all=off uptime,level,tags
 #1: stderr all=off uptime,level,tags

Environment Variables:
JAVA_HOME=C:\Program Files\Java\jdk-11
PATH=C:\Program Files\Common Files\Oracle\Java\javapath;C:\Program Files\Java\jdk-11\bin;C:\Python312\Scripts\;C:\Python312\;C:\WINDOWS\system32;C:\WINDOWS;C:\WINDOWS\System32\Wbem;C:\WINDOWS\System32\WindowsPowerShell\v1.0\;C:\WINDOWS\System32\OpenSSH\;C:\Program Files\nodejs\;C:\ProgramData\chocolatey\bin;C:\Program Files\Git\cmd;C:\Program Files\Java\jdk-11\bin;C:\adb;C:\Users\sonal\AppData\Local\Android\Sdk;C:\Users\sonal\AppData\Local\Android\Sdk\platform-tools;C:\Users\sonal\AppData\Local\Android\Sdk\tools;C:\Program Files\Java\jdk-11\bin;C:\Users\sonal\AppData\Local\Microsoft\WindowsApps;C:\Users\sonal\AppData\Local\Programs\Microsoft VS Code\bin;C:\Users\sonal\AppData\Roaming\npm;C:\Program Files\nodejs;C:\Program Files\Java\jdk-11\bin;%GRADLE_HOME%\bin;;C:\Users\sonal\AppData\Local\Programs\Azure Data Studio\bin
USERNAME=sonal
OS=Windows_NT
PROCESSOR_IDENTIFIER=Intel64 Family 6 Model 142 Stepping 12, GenuineIntel
TMP=C:\Users\sonal\AppData\Local\Temp
TEMP=C:\Users\sonal\AppData\Local\Temp



Periodic native trim disabled


---------------  S Y S T E M  ---------------

OS:
 Windows 11 , 64 bit Build 22621 (10.0.22621.3672)
OS uptime: 1 days 1:17 hours
Hyper-V role detected

CPU: total 8 (initial active 8) (4 cores per cpu, 2 threads per core) family 6 model 142 stepping 12 microcode 0xea, cx8, cmov, fxsr, ht, mmx, 3dnowpref, sse, sse2, sse3, ssse3, sse4.1, sse4.2, popcnt, lzcnt, tsc, tscinvbit, avx, avx2, aes, erms, clmul, bmi1, bmi2, adx, fma, vzeroupper, clflush, clflushopt, hv
Processor Information for processor 0
  Max Mhz: 2112, Current Mhz: 1609, Mhz Limit: 1605
Processor Information for processor 1
  Max Mhz: 2112, Current Mhz: 1609, Mhz Limit: 1605
Processor Information for processor 2
  Max Mhz: 2112, Current Mhz: 1609, Mhz Limit: 1605
Processor Information for processor 3
  Max Mhz: 2112, Current Mhz: 1508, Mhz Limit: 1605
Processor Information for processor 4
  Max Mhz: 2112, Current Mhz: 1609, Mhz Limit: 1605
Processor Information for processor 5
  Max Mhz: 2112, Current Mhz: 1609, Mhz Limit: 1605
Processor Information for processor 6
  Max Mhz: 2112, Current Mhz: 1508, Mhz Limit: 1605
Processor Information for processor 7
  Max Mhz: 2112, Current Mhz: 1609, Mhz Limit: 1605

Memory: 4k page, system-wide physical 7995M (251M free)
TotalPageFile size 23620M (AvailPageFile size 1M)
current process WorkingSet (physical memory assigned to process): 87M, peak: 87M
current process commit charge ("private bytes"): 208M, peak: 208M

vm_info: OpenJDK 64-Bit Server VM (17.0.11+9) for windows-amd64 JRE (17.0.11+9), built on Apr 17 2024 06:07:48 by "admin" with MS VC++ 16.10 / 16.11 (VS2019)

END.
