#
# There is insufficient memory for the Java Runtime Environment to continue.
# Native memory allocation (mmap) failed to map 65536 bytes. Error detail: Failed to commit metaspace.
# Possible reasons:
#   The system is out of physical RAM or swap space
#   This process is running with CompressedOops enabled, and the Java Heap may be blocking the growth of the native heap
# Possible solutions:
#   Reduce memory load on the system
#   Increase physical memory or swap space
#   Check if swap backing store is full
#   Decrease Java heap size (-Xmx/-Xms)
#   Decrease number of Java threads
#   Decrease Java thread stack sizes (-Xss)
#   Set larger code cache with -XX:ReservedCodeCacheSize=
#   JVM is running with Unscaled Compressed Oops mode in which the Java heap is
#     placed in the first 4GB address space. The Java Heap base address is the
#     maximum limit for the native heap growth. Please use -XX:HeapBaseMinAddress
#     to set the Java Heap base and to place the Java Heap above 4GB virtual address.
# This output file may be truncated or incomplete.
#
#  Out of Memory Error (virtualSpaceNode.cpp:110), pid=20068, tid=23272
#
# JRE version: OpenJDK Runtime Environment Temurin-17.0.11+9 (17.0.11+9) (build 17.0.11+9)
# Java VM: OpenJDK 64-Bit Server VM Temurin-17.0.11+9 (17.0.11+9, mixed mode, tiered, compressed oops, compressed class ptrs, parallel gc, windows-amd64)
# No core dump will be written. Minidumps are not enabled by default on client versions of Windows
#

---------------  S U M M A R Y ------------

Command Line: --add-modules=ALL-SYSTEM --add-opens=java.base/java.util=ALL-UNNAMED --add-opens=java.base/java.lang=ALL-UNNAMED --add-opens=java.base/sun.nio.fs=ALL-UNNAMED -Declipse.application=org.eclipse.jdt.ls.core.id1 -Dosgi.bundles.defaultStartLevel=4 -Declipse.product=org.eclipse.jdt.ls.core.product -Djava.import.generatesMetadataFilesAtProjectRoot=false -DDetectVMInstallationsJob.disabled=true -Dfile.encoding=utf8 -XX:+UseParallelGC -XX:GCTimeRatio=4 -XX:AdaptiveSizePolicyWeight=90 -Dsun.zip.disableMemoryMapping=true -Xmx1G -Xms100m -Xlog:disable -javaagent:c:\Users\sonal\.vscode\extensions\redhat.java-1.32.0-win32-x64\lombok\lombok-1.18.33.jar c:\Users\sonal\.vscode\extensions\redhat.java-1.32.0-win32-x64\server\plugins\org.eclipse.equinox.launcher_1.6.900.v20240613-2009.jar -configuration c:\Users\sonal\AppData\Roaming\Code\User\globalStorage\redhat.java\1.32.0\config_ss_win -data c:\Users\sonal\AppData\Roaming\Code\User\workspaceStorage\d6adfddfb8cd7e73dcb91b38dd2ae75c\redhat.java\ss_ws --pipe=\\.\pipe\lsp-0bdefc6dec56e92b2fda52c388bae877-sock

Host: Intel(R) Core(TM) i5-10210U CPU @ 1.60GHz, 8 cores, 7G,  Windows 11 , 64 bit Build 22621 (10.0.22621.3672)
Time: Thu Jul 18 17:18:19 2024 India Standard Time elapsed time: 1.491728 seconds (0d 0h 0m 1s)

---------------  T H R E A D  ---------------

Current thread (0x000001c790820070):  JavaThread "main" [_thread_in_vm, id=23272, stack(0x000000a352b00000,0x000000a352c00000)]

Stack: [0x000000a352b00000,0x000000a352c00000]
Native frames: (J=compiled Java code, j=interpreted, Vv=VM code, C=native code)
V  [jvm.dll+0x67d429]
V  [jvm.dll+0x834b7a]
V  [jvm.dll+0x83663e]
V  [jvm.dll+0x836ca3]
V  [jvm.dll+0x247dbf]
V  [jvm.dll+0x83083b]
V  [jvm.dll+0x621d56]
V  [jvm.dll+0x621dba]
V  [jvm.dll+0x6245ea]
V  [jvm.dll+0x6226f6]
V  [jvm.dll+0x23d6c6]
V  [jvm.dll+0x1ec56b]
V  [jvm.dll+0x1e1f11]
V  [jvm.dll+0x54250e]
V  [jvm.dll+0x1f2957]
V  [jvm.dll+0x7ae0cb]
V  [jvm.dll+0x7af499]
V  [jvm.dll+0x7af7e8]
V  [jvm.dll+0x24007e]
V  [jvm.dll+0x38251e]
C  0x000001c79c1dafbb

The last pc belongs to new (printed below).
Java frames: (J=compiled Java code, j=interpreted, Vv=VM code)
j  sun.security.x509.X509CertInfo.parse(Lsun/security/util/DerValue;)V+121 java.base@17.0.11
j  sun.security.x509.X509CertInfo.<init>(Lsun/security/util/DerValue;)V+67 java.base@17.0.11
j  sun.security.x509.X509CertImpl.parse(Lsun/security/util/DerValue;)V+228 java.base@17.0.11
j  sun.security.x509.X509CertImpl.<init>([B)V+50 java.base@17.0.11
j  sun.security.provider.X509Factory.engineGenerateCertificate(Ljava/io/InputStream;)Ljava/security/cert/Certificate;+54 java.base@17.0.11
j  java.security.cert.CertificateFactory.generateCertificate(Ljava/io/InputStream;)Ljava/security/cert/Certificate;+5 java.base@17.0.11
j  sun.security.pkcs.PKCS7.parseSignedData(Lsun/security/util/DerValue;)V+264 java.base@17.0.11
j  sun.security.pkcs.PKCS7.parse(Lsun/security/util/DerInputStream;Z)V+55 java.base@17.0.11
j  sun.security.pkcs.PKCS7.parse(Lsun/security/util/DerInputStream;)V+11 java.base@17.0.11
j  sun.security.pkcs.PKCS7.<init>([B)V+50 java.base@17.0.11
j  sun.security.util.SignatureFileVerifier.<init>(Ljava/util/ArrayList;Lsun/security/util/ManifestDigester;Ljava/lang/String;[B)V+40 java.base@17.0.11
j  java.util.jar.JarVerifier.processEntry(Lsun/security/util/ManifestEntryVerifier;)V+322 java.base@17.0.11
j  java.util.jar.JarVerifier.update(I[BIILsun/security/util/ManifestEntryVerifier;)V+39 java.base@17.0.11
j  java.util.jar.JarFile.initializeVerifier()V+163 java.base@17.0.11
j  java.util.jar.JarFile.ensureInitialization()V+41 java.base@17.0.11
j  java.util.jar.JavaUtilJarAccessImpl.ensureInitialization(Ljava/util/jar/JarFile;)V+1 java.base@17.0.11
j  jdk.internal.loader.URLClassPath$JarLoader$2.getManifest()Ljava/util/jar/Manifest;+10 java.base@17.0.11
j  jdk.internal.loader.BuiltinClassLoader.defineClass(Ljava/lang/String;Ljdk/internal/loader/Resource;)Ljava/lang/Class;+29 java.base@17.0.11
j  jdk.internal.loader.BuiltinClassLoader.findClassOnClassPathOrNull(Ljava/lang/String;)Ljava/lang/Class;+37 java.base@17.0.11
j  jdk.internal.loader.BuiltinClassLoader.loadClassOrNull(Ljava/lang/String;Z)Ljava/lang/Class;+111 java.base@17.0.11
j  jdk.internal.loader.BuiltinClassLoader.loadClass(Ljava/lang/String;Z)Ljava/lang/Class;+3 java.base@17.0.11
j  jdk.internal.loader.ClassLoaders$AppClassLoader.loadClass(Ljava/lang/String;Z)Ljava/lang/Class;+36 java.base@17.0.11
j  java.lang.ClassLoader.loadClass(Ljava/lang/String;)Ljava/lang/Class;+3 java.base@17.0.11
v  ~StubRoutines::call_stub
j  java.lang.Class.forName0(Ljava/lang/String;ZLjava/lang/ClassLoader;Ljava/lang/Class;)Ljava/lang/Class;+0 java.base@17.0.11
j  java.lang.Class.forName(Ljava/lang/String;ZLjava/lang/ClassLoader;)Ljava/lang/Class;+43 java.base@17.0.11
j  sun.launcher.LauncherHelper.loadMainClass(ILjava/lang/String;)Ljava/lang/Class;+95 java.base@17.0.11
j  sun.launcher.LauncherHelper.checkAndLoadMain(ZILjava/lang/String;)Ljava/lang/Class;+42 java.base@17.0.11
v  ~StubRoutines::call_stub
new  187 new  [0x000001c79c1dae20, 0x000001c79c1db040]  544 bytes
[MachCode]
  0x000001c79c1dae20: 4883 ec08 | c5fa 1104 | 24eb 1f48 | 83ec 10c5 | fb11 0424 | eb14 4883 | ec10 4889 | 0424 48c7 
  0x000001c79c1dae40: 4424 0800 | 0000 00eb | 0150 410f | b755 010f | cac1 ea10 | 488b 4de8 | 488b 4908 | 488b 4908 
  0x000001c79c1dae60: 488b 4108 | 807c 1004 | 070f 85d6 | 0000 0066 | 8b54 d148 | 488b 4928 | 488b 4cd1 | 0851 80b9 
  0x000001c79c1dae80: 3301 0000 | 040f 85b9 | 0000 008b | 5108 f7c2 | 0100 0000 | 0f85 aa00 | 0000 498b | 8708 0100 
  0x000001c79c1daea0: 0048 8d1c | 1049 3b9f | 1801 0000 | 0f87 9200 | 0000 4989 | 9f08 0100 | 00e9 0000 | 0000 4883 
  0x000001c79c1daec0: ea10 0f84 | 0f00 0000 | 33c9 c1ea | 0348 894c | d008 48ff | ca75 f648 | c700 0100 | 0000 5933 
  0x000001c79c1daee0: f689 700c | 48c1 e903 | 8948 0849 | ba5a 356e | cdf8 7f00 | 0041 803a | 000f 8440 | 0000 0050 
  0x000001c79c1daf00: 488b c848 | 83ec 20f7 | c40f 0000 | 000f 841a | 0000 0048 | 83ec 0849 | ba80 3124 | cdf8 7f00 
  0x000001c79c1daf20: 0041 ffd2 | 4883 c408 | e90d 0000 | 0049 ba80 | 3124 cdf8 | 7f00 0041 | ffd2 4883 | c420 58e9 
  0x000001c79c1daf40: cd00 0000 | 5948 8b55 | e848 8b52 | 0848 8b52 | 0845 0fb7 | 4501 410f | c841 c1e8 | 10e8 0500 
  0x000001c79c1daf60: 0000 e9aa | 0000 0048 | 8d44 2408 | 4c89 6dc0 | 498b cfc5 | f877 4989 | afa8 0200 | 0049 8987 
  0x000001c79c1daf80: 9802 0000 | 4883 ec20 | f7c4 0f00 | 0000 0f84 | 1a00 0000 | 4883 ec08 | 49ba d024 | eecc f87f 
  0x000001c79c1dafa0: 0000 41ff | d248 83c4 | 08e9 0d00 | 0000 49ba | d024 eecc | f87f 0000 | 41ff d248 | 83c4 2049 
  0x000001c79c1dafc0: c787 9802 | 0000 0000 | 0000 49c7 | 87a8 0200 | 0000 0000 | 0049 c787 | a002 0000 | 0000 0000 
  0x000001c79c1dafe0: c5f8 7749 | 817f 0800 | 0000 000f | 8405 0000 | 00e9 0a5f | feff 498b | 87f0 0200 | 0049 c787 
  0x000001c79c1db000: f002 0000 | 0000 0000 | 4c8b 6dc0 | 4c8b 75c8 | c341 0fb6 | 5d03 4983 | c503 49ba | d0a1 70cd 
  0x000001c79c1db020: f87f 0000 | 41ff 24da | 0000 0000 | 0000 0000 | 0000 0000 | 0000 0000 | 0000 0000 | 0000 0000 
[/MachCode]

---------------  P R O C E S S  ---------------

Threads class SMR info:
_java_thread_list=0x000001c7abc2d280, length=12, elements={
0x000001c790820070, 0x000001c7a65fad70, 0x000001c7a65fb930, 0x000001c7ab8dd150,
0x000001c7ab8ddd10, 0x000001c7ab8de8d0, 0x000001c7ab8df490, 0x000001c7ab8e0280,
0x000001c7ab9453b0, 0x000001c7ab94a580, 0x000001c79087f680, 0x000001c7abbf9e30
}

Java Threads: ( => current thread )
=>0x000001c790820070 JavaThread "main" [_thread_in_vm, id=23272, stack(0x000000a352b00000,0x000000a352c00000)]
  0x000001c7a65fad70 JavaThread "Reference Handler" daemon [_thread_blocked, id=23416, stack(0x000000a352e00000,0x000000a352f00000)]
  0x000001c7a65fb930 JavaThread "Finalizer" daemon [_thread_blocked, id=19304, stack(0x000000a352f00000,0x000000a353000000)]
  0x000001c7ab8dd150 JavaThread "Signal Dispatcher" daemon [_thread_blocked, id=2832, stack(0x000000a353000000,0x000000a353100000)]
  0x000001c7ab8ddd10 JavaThread "Attach Listener" daemon [_thread_blocked, id=20972, stack(0x000000a353100000,0x000000a353200000)]
  0x000001c7ab8de8d0 JavaThread "Service Thread" daemon [_thread_blocked, id=20380, stack(0x000000a353200000,0x000000a353300000)]
  0x000001c7ab8df490 JavaThread "Monitor Deflation Thread" daemon [_thread_blocked, id=10160, stack(0x000000a353300000,0x000000a353400000)]
  0x000001c7ab8e0280 JavaThread "C2 CompilerThread0" daemon [_thread_blocked, id=16544, stack(0x000000a353400000,0x000000a353500000)]
  0x000001c7ab9453b0 JavaThread "C1 CompilerThread0" daemon [_thread_blocked, id=7580, stack(0x000000a353500000,0x000000a353600000)]
  0x000001c7ab94a580 JavaThread "Sweeper thread" daemon [_thread_blocked, id=22176, stack(0x000000a353600000,0x000000a353700000)]
  0x000001c79087f680 JavaThread "Common-Cleaner" daemon [_thread_blocked, id=23576, stack(0x000000a353700000,0x000000a353800000)]
  0x000001c7abbf9e30 JavaThread "Notification Thread" daemon [_thread_blocked, id=4976, stack(0x000000a353800000,0x000000a353900000)]

Other Threads:
  0x000001c7ab8a0c20 VMThread "VM Thread" [stack: 0x000000a352d00000,0x000000a352e00000] [id=22648]
  0x000001c7abbf5e10 WatcherThread [stack: 0x000000a353900000,0x000000a353a00000] [id=13008]
  0x000001c790833540 GCTaskThread "GC Thread#0" [stack: 0x000000a352c00000,0x000000a352d00000] [id=16760]

Threads with active compile tasks:

VM state: not at safepoint (normal execution)

VM Mutex/Monitor currently owned by a thread:  ([mutex/lock_event])
[0x000001c79081a910] Metaspace_lock - owner thread: 0x000001c790820070

Heap address: 0x00000000c0000000, size: 1024 MB, Compressed Oops mode: 32-bit

CDS archive(s) not mapped
Compressed class space mapped at: 0x0000000100000000-0x0000000140000000, reserved size: 1073741824
Narrow klass base: 0x0000000000000000, Narrow klass shift: 3, Narrow klass range: 0x140000000

GC Precious Log:
 CPUs: 8 total, 8 available
 Memory: 7995M
 Large Page Support: Disabled
 NUMA Support: Disabled
 Compressed Oops: Enabled (32-bit)
 Alignments: Space 512K, Generation 512K, Heap 2M
 Heap Min Capacity: 100M
 Heap Initial Capacity: 100M
 Heap Max Capacity: 1G
 Pre-touch: Disabled
 Parallel Workers: 8

Heap:
 PSYoungGen      total 29696K, used 9740K [0x00000000eab00000, 0x00000000ecc00000, 0x0000000100000000)
  eden space 25600K, 38% used [0x00000000eab00000,0x00000000eb483318,0x00000000ec400000)
  from space 4096K, 0% used [0x00000000ec800000,0x00000000ec800000,0x00000000ecc00000)
  to   space 4096K, 0% used [0x00000000ec400000,0x00000000ec400000,0x00000000ec800000)
 ParOldGen       total 68608K, used 0K [0x00000000c0000000, 0x00000000c4300000, 0x00000000eab00000)
  object space 68608K, 0% used [0x00000000c0000000,0x00000000c0000000,0x00000000c4300000)
 Metaspace       used 7071K, committed 7168K, reserved 1114112K
  class space    used 685K, committed 768K, reserved 1048576K

Card table byte_map: [0x000001c7a3e70000,0x000001c7a4080000] _byte_map_base: 0x000001c7a3870000

Marking Bits: (ParMarkBitMap*) 0x00007ff8cd6fd820
 Begin Bits: [0x000001c7a41e0000, 0x000001c7a51e0000)
 End Bits:   [0x000001c7a51e0000, 0x000001c7a61e0000)

Polling page: 0x000001c7908d0000

Metaspace:

Usage:
  Non-class:      6.24 MB used.
      Class:    685.28 KB used.
       Both:      6.91 MB used.

Virtual space:
  Non-class space:       64.00 MB reserved,       6.25 MB ( 10%) committed,  1 nodes.
      Class space:        1.00 GB reserved,     768.00 KB ( <1%) committed,  1 nodes.
             Both:        1.06 GB reserved,       7.00 MB ( <1%) committed. 

Chunk freelists:
   Non-Class:  9.00 MB
       Class:  15.21 MB
        Both:  24.21 MB

MaxMetaspaceSize: unlimited
CompressedClassSpaceSize: 1.00 GB
Initial GC threshold: 21.00 MB
Current GC threshold: 21.00 MB
CDS: off
MetaspaceReclaimPolicy: balanced
 - commit_granule_bytes: 65536.
 - commit_granule_words: 8192.
 - virtual_space_node_default_size: 8388608.
 - enlarge_chunks_in_place: 1.
 - new_chunks_are_fully_committed: 0.
 - uncommit_free_chunks: 1.
 - use_allocation_guard: 0.
 - handle_deallocations: 1.


Internal statistics:

num_allocs_failed_limit: 0.
num_arena_births: 10.
num_arena_deaths: 0.
num_vsnodes_births: 2.
num_vsnodes_deaths: 0.
num_space_committed: 112.
num_space_uncommitted: 0.
num_chunks_returned_to_freelist: 0.
num_chunks_taken_from_freelist: 40.
num_chunk_merges: 0.
num_chunk_splits: 23.
num_chunks_enlarged: 21.
num_inconsistent_stats: 0.

CodeHeap 'non-profiled nmethods': size=120000Kb used=151Kb max_used=151Kb free=119848Kb
 bounds [0x000001c79c760000, 0x000001c79c9d0000, 0x000001c7a3c90000]
CodeHeap 'profiled nmethods': size=120000Kb used=697Kb max_used=697Kb free=119302Kb
 bounds [0x000001c794c90000, 0x000001c794f00000, 0x000001c79c1c0000]
CodeHeap 'non-nmethods': size=5760Kb used=1105Kb max_used=1120Kb free=4654Kb
 bounds [0x000001c79c1c0000, 0x000001c79c430000, 0x000001c79c760000]
 total_blobs=867 nmethods=481 adapters=301
 compilation: enabled
              stopped_count=0, restarted_count=0
 full_count=0

Compilation events (20 events):
Event: 1.457 Thread 0x000001c7ab8e0280 nmethod 470 0x000001c79c784910 code [0x000001c79c784aa0, 0x000001c79c784b88]
Event: 1.460 Thread 0x000001c7ab9453b0 nmethod 472 0x000001c794d39190 code [0x000001c794d39620, 0x000001c794d3b3d8]
Event: 1.460 Thread 0x000001c7ab9453b0  473       3       java.lang.Integer::parseInt (7 bytes)
Event: 1.461 Thread 0x000001c7ab9453b0 nmethod 473 0x000001c794d3c010 code [0x000001c794d3c1a0, 0x000001c794d3c2c8]
Event: 1.461 Thread 0x000001c7ab9453b0  474       3       sun.security.util.ObjectIdentifier::checkOidSize (86 bytes)
Event: 1.462 Thread 0x000001c7ab8e0280  477       4       java.util.ArrayList$Itr::hasNext (20 bytes)
Event: 1.462 Thread 0x000001c7ab9453b0 nmethod 474 0x000001c794d3c390 code [0x000001c794d3c6a0, 0x000001c794d3d428]
Event: 1.462 Thread 0x000001c7ab9453b0  475       1       sun.instrument.TransformerManager::getSnapshotTransformerList (5 bytes)
Event: 1.462 Thread 0x000001c7ab9453b0 nmethod 475 0x000001c79c784c90 code [0x000001c79c784e20, 0x000001c79c784ef8]
Event: 1.462 Thread 0x000001c7ab9453b0  476       1       sun.instrument.TransformerManager$TransformerInfo::transformer (5 bytes)
Event: 1.463 Thread 0x000001c7ab9453b0 nmethod 476 0x000001c79c784f90 code [0x000001c79c785120, 0x000001c79c7851f8]
Event: 1.463 Thread 0x000001c7ab8e0280 nmethod 477 0x000001c79c785290 code [0x000001c79c785400, 0x000001c79c785498]
Event: 1.463 Thread 0x000001c7ab8e0280  478       4       java.util.Collections$UnmodifiableCollection$1::hasNext (10 bytes)
Event: 1.465 Thread 0x000001c7ab8e0280 nmethod 478 0x000001c79c785590 code [0x000001c79c785720, 0x000001c79c7857f8]
Event: 1.468 Thread 0x000001c7ab8e0280  479       4       java.util.HashMap$HashIterator::<init> (79 bytes)
Event: 1.472 Thread 0x000001c7ab9453b0  481       3       sun.security.util.ObjectIdentifier::pack7Oid (84 bytes)
Event: 1.472 Thread 0x000001c7ab9453b0 nmethod 481 0x000001c794d3d990 code [0x000001c794d3db60, 0x000001c794d3deb8]
Event: 1.472 Thread 0x000001c7ab9453b0  480       3       sun.security.util.ObjectIdentifier::pack7Oid (42 bytes)
Event: 1.473 Thread 0x000001c7ab9453b0 nmethod 480 0x000001c794d3e090 code [0x000001c794d3e240, 0x000001c794d3e428]
Event: 1.479 Thread 0x000001c7ab8e0280 nmethod 479 0x000001c79c785910 code [0x000001c79c785aa0, 0x000001c79c785d98]

GC Heap History (0 events):
No events

Dll operation events (8 events):
Event: 0.029 Loaded shared library c:\Users\sonal\.vscode\extensions\redhat.java-1.32.0-win32-x64\jre\17.0.11-win32-x86_64\bin\java.dll
Event: 0.605 Loaded shared library c:\Users\sonal\.vscode\extensions\redhat.java-1.32.0-win32-x64\jre\17.0.11-win32-x86_64\bin\zip.dll
Event: 0.624 Loaded shared library C:\Users\sonal\.vscode\extensions\redhat.java-1.32.0-win32-x64\jre\17.0.11-win32-x86_64\bin\instrument.dll
Event: 0.719 Loaded shared library C:\Users\sonal\.vscode\extensions\redhat.java-1.32.0-win32-x64\jre\17.0.11-win32-x86_64\bin\net.dll
Event: 0.728 Loaded shared library C:\Users\sonal\.vscode\extensions\redhat.java-1.32.0-win32-x64\jre\17.0.11-win32-x86_64\bin\nio.dll
Event: 0.773 Loaded shared library C:\Users\sonal\.vscode\extensions\redhat.java-1.32.0-win32-x64\jre\17.0.11-win32-x86_64\bin\zip.dll
Event: 0.850 Loaded shared library C:\Users\sonal\.vscode\extensions\redhat.java-1.32.0-win32-x64\jre\17.0.11-win32-x86_64\bin\jimage.dll
Event: 1.035 Loaded shared library c:\Users\sonal\.vscode\extensions\redhat.java-1.32.0-win32-x64\jre\17.0.11-win32-x86_64\bin\verify.dll

Deoptimization events (20 events):
Event: 1.345 Thread 0x000001c790820070 DEOPT PACKING pc=0x000001c794cac400 sp=0x000000a352bfcb80
Event: 1.345 Thread 0x000001c790820070 DEOPT UNPACKING pc=0x000001c79c216e43 sp=0x000000a352bfc040 mode 0
Event: 1.345 Thread 0x000001c790820070 Uncommon trap: trap_request=0xffffff45 fr.pc=0x000001c79c76f6f8 relative=0x0000000000000078
Event: 1.345 Thread 0x000001c790820070 Uncommon trap: reason=unstable_if action=reinterpret pc=0x000001c79c76f6f8 method=java.lang.String.isLatin1()Z @ 10 c2
Event: 1.345 Thread 0x000001c790820070 DEOPT PACKING pc=0x000001c79c76f6f8 sp=0x000000a352bff110
Event: 1.345 Thread 0x000001c790820070 DEOPT UNPACKING pc=0x000001c79c2166a3 sp=0x000000a352bff050 mode 2
Event: 1.348 Thread 0x000001c790820070 Uncommon trap: trap_request=0xffffffde fr.pc=0x000001c79c76e410 relative=0x0000000000000630
Event: 1.348 Thread 0x000001c790820070 Uncommon trap: reason=class_check action=maybe_recompile pc=0x000001c79c76e410 method=java.util.HashMap.putVal(ILjava/lang/Object;Ljava/lang/Object;ZZ)Ljava/lang/Object; @ 152 c2
Event: 1.348 Thread 0x000001c790820070 DEOPT PACKING pc=0x000001c79c76e410 sp=0x000000a352bfefd0
Event: 1.348 Thread 0x000001c790820070 DEOPT UNPACKING pc=0x000001c79c2166a3 sp=0x000000a352bfef20 mode 2
Event: 1.353 Thread 0x000001c790820070 DEOPT PACKING pc=0x000001c794cac400 sp=0x000000a352bfcc10
Event: 1.353 Thread 0x000001c790820070 DEOPT UNPACKING pc=0x000001c79c216e43 sp=0x000000a352bfc0d0 mode 0
Event: 1.360 Thread 0x000001c790820070 DEOPT PACKING pc=0x000001c794cac400 sp=0x000000a352bfa7c0
Event: 1.360 Thread 0x000001c790820070 DEOPT UNPACKING pc=0x000001c79c216e43 sp=0x000000a352bf9c80 mode 0
Event: 1.362 Thread 0x000001c790820070 DEOPT PACKING pc=0x000001c794cac400 sp=0x000000a352bfa7c0
Event: 1.362 Thread 0x000001c790820070 DEOPT UNPACKING pc=0x000001c79c216e43 sp=0x000000a352bf9c80 mode 0
Event: 1.364 Thread 0x000001c790820070 DEOPT PACKING pc=0x000001c794cac400 sp=0x000000a352bfb320
Event: 1.365 Thread 0x000001c790820070 DEOPT UNPACKING pc=0x000001c79c216e43 sp=0x000000a352bfa7e0 mode 0
Event: 1.379 Thread 0x000001c790820070 DEOPT PACKING pc=0x000001c794cac400 sp=0x000000a352bfaec0
Event: 1.379 Thread 0x000001c790820070 DEOPT UNPACKING pc=0x000001c79c216e43 sp=0x000000a352bfa380 mode 0

Classes unloaded (0 events):
No events

Classes redefined (0 events):
No events

Internal exceptions (2 events):
Event: 0.511 Thread 0x000001c790820070 Exception <a 'java/lang/NoSuchMethodError'{0x00000000eacb5260}: 'void java.lang.invoke.DirectMethodHandle$Holder.invokeStatic(java.lang.Object, java.lang.Object, java.lang.Object)'> (0x00000000eacb5260) 
thrown [s\src\hotspot\share\interpreter\linkResolver.cpp, line 759]
Event: 1.135 Thread 0x000001c790820070 Exception <a 'java/lang/reflect/InvocationTargetException'{0x00000000eafe7648}> (0x00000000eafe7648) 
thrown [s\src\hotspot\share\runtime\reflection.cpp, line 1121]

VM Operations (4 events):
Event: 0.533 Executing VM operation: HandshakeAllThreads
Event: 0.533 Executing VM operation: HandshakeAllThreads done
Event: 0.907 Executing VM operation: HandshakeAllThreads
Event: 0.908 Executing VM operation: HandshakeAllThreads done

Events (20 events):
Event: 1.466 loading class sun/security/x509/CertificateVersion done
Event: 1.466 loading class sun/security/x509/CertificateSerialNumber
Event: 1.467 loading class sun/security/x509/CertificateSerialNumber done
Event: 1.467 loading class sun/security/x509/SerialNumber
Event: 1.467 loading class sun/security/x509/SerialNumber done
Event: 1.467 loading class sun/security/x509/CertificateAlgorithmId
Event: 1.468 loading class sun/security/x509/CertificateAlgorithmId done
Event: 1.470 loading class sun/security/x509/X500Name
Event: 1.471 loading class sun/security/x509/GeneralNameInterface
Event: 1.471 loading class sun/security/x509/GeneralNameInterface done
Event: 1.471 loading class sun/security/x509/X500Name done
Event: 1.472 loading class sun/security/x509/X500Name$1
Event: 1.472 loading class sun/security/x509/X500Name$1 done
Event: 1.472 loading class javax/security/auth/x500/X500Principal
Event: 1.477 loading class javax/security/auth/x500/X500Principal done
Event: 1.478 loading class sun/security/x509/RDN
Event: 1.478 loading class sun/security/x509/RDN done
Event: 1.479 loading class sun/security/x509/AVA
Event: 1.480 loading class sun/security/x509/AVA done
Event: 1.480 loading class sun/security/x509/CertificateValidity


Dynamic libraries:
0x00007ff7a2140000 - 0x00007ff7a214e000 	c:\Users\sonal\.vscode\extensions\redhat.java-1.32.0-win32-x64\jre\17.0.11-win32-x86_64\bin\java.exe
0x00007ff963a70000 - 0x00007ff963c87000 	C:\WINDOWS\SYSTEM32\ntdll.dll
0x00007ff962530000 - 0x00007ff9625f4000 	C:\WINDOWS\System32\KERNEL32.DLL
0x00007ff961030000 - 0x00007ff9613dd000 	C:\WINDOWS\System32\KERNELBASE.dll
0x00007ff960f10000 - 0x00007ff961021000 	C:\WINDOWS\System32\ucrtbase.dll
0x00007ff9494e0000 - 0x00007ff9494fb000 	c:\Users\sonal\.vscode\extensions\redhat.java-1.32.0-win32-x64\jre\17.0.11-win32-x86_64\bin\VCRUNTIME140.dll
0x00007ff95bf70000 - 0x00007ff95bf87000 	c:\Users\sonal\.vscode\extensions\redhat.java-1.32.0-win32-x64\jre\17.0.11-win32-x86_64\bin\jli.dll
0x00007ff962b80000 - 0x00007ff962d2e000 	C:\WINDOWS\System32\USER32.dll
0x00007ff940870000 - 0x00007ff940b03000 	C:\WINDOWS\WinSxS\amd64_microsoft.windows.common-controls_6595b64144ccf1df_6.0.22621.3672_none_2713b9d173822955\COMCTL32.dll
0x00007ff9615f0000 - 0x00007ff961616000 	C:\WINDOWS\System32\win32u.dll
0x00007ff961a70000 - 0x00007ff961b17000 	C:\WINDOWS\System32\msvcrt.dll
0x00007ff962640000 - 0x00007ff962669000 	C:\WINDOWS\System32\GDI32.dll
0x00007ff9613e0000 - 0x00007ff9614f9000 	C:\WINDOWS\System32\gdi32full.dll
0x00007ff961650000 - 0x00007ff9616ea000 	C:\WINDOWS\System32\msvcp_win.dll
0x00007ff962600000 - 0x00007ff962631000 	C:\WINDOWS\System32\IMM32.DLL
0x00007ff949510000 - 0x00007ff94951c000 	c:\Users\sonal\.vscode\extensions\redhat.java-1.32.0-win32-x64\jre\17.0.11-win32-x86_64\bin\vcruntime140_1.dll
0x00007ff925b40000 - 0x00007ff925bcd000 	c:\Users\sonal\.vscode\extensions\redhat.java-1.32.0-win32-x64\jre\17.0.11-win32-x86_64\bin\msvcp140.dll
0x00007ff8ccb60000 - 0x00007ff8cd7c2000 	c:\Users\sonal\.vscode\extensions\redhat.java-1.32.0-win32-x64\jre\17.0.11-win32-x86_64\bin\server\jvm.dll
0x00007ff962f90000 - 0x00007ff963042000 	C:\WINDOWS\System32\ADVAPI32.dll
0x00007ff962d30000 - 0x00007ff962dd9000 	C:\WINDOWS\System32\sechost.dll
0x00007ff961620000 - 0x00007ff961648000 	C:\WINDOWS\System32\bcrypt.dll
0x00007ff9620c0000 - 0x00007ff9621d4000 	C:\WINDOWS\System32\RPCRT4.dll
0x00007ff960ab0000 - 0x00007ff960afd000 	C:\WINDOWS\SYSTEM32\POWRPROF.dll
0x00007ff95c3d0000 - 0x00007ff95c404000 	C:\WINDOWS\SYSTEM32\WINMM.dll
0x00007ff9591e0000 - 0x00007ff9591ea000 	C:\WINDOWS\SYSTEM32\VERSION.dll
0x00007ff8feca0000 - 0x00007ff8feca9000 	C:\WINDOWS\SYSTEM32\WSOCK32.dll
0x00007ff9619f0000 - 0x00007ff961a61000 	C:\WINDOWS\System32\WS2_32.dll
0x00007ff960a90000 - 0x00007ff960aa3000 	C:\WINDOWS\SYSTEM32\UMPDC.dll
0x00007ff95fd90000 - 0x00007ff95fda8000 	C:\WINDOWS\SYSTEM32\kernel.appcore.dll
0x00007ff949460000 - 0x00007ff94946a000 	c:\Users\sonal\.vscode\extensions\redhat.java-1.32.0-win32-x64\jre\17.0.11-win32-x86_64\bin\jimage.dll
0x00007ff95e630000 - 0x00007ff95e862000 	C:\WINDOWS\SYSTEM32\DBGHELP.DLL
0x00007ff9627f0000 - 0x00007ff962b78000 	C:\WINDOWS\System32\combase.dll
0x00007ff961910000 - 0x00007ff9619e7000 	C:\WINDOWS\System32\OLEAUT32.dll
0x00007ff945a90000 - 0x00007ff945ac2000 	C:\WINDOWS\SYSTEM32\dbgcore.DLL
0x00007ff961500000 - 0x00007ff96157b000 	C:\WINDOWS\System32\bcryptPrimitives.dll
0x00007ff941d60000 - 0x00007ff941d6e000 	c:\Users\sonal\.vscode\extensions\redhat.java-1.32.0-win32-x64\jre\17.0.11-win32-x86_64\bin\instrument.dll
0x00007ff92e320000 - 0x00007ff92e345000 	c:\Users\sonal\.vscode\extensions\redhat.java-1.32.0-win32-x64\jre\17.0.11-win32-x86_64\bin\java.dll
0x00007ff941630000 - 0x00007ff941648000 	c:\Users\sonal\.vscode\extensions\redhat.java-1.32.0-win32-x64\jre\17.0.11-win32-x86_64\bin\zip.dll
0x00007ff963150000 - 0x00007ff9639af000 	C:\WINDOWS\System32\SHELL32.dll
0x00007ff95eca0000 - 0x00007ff95f59c000 	C:\WINDOWS\SYSTEM32\windows.storage.dll
0x00007ff95eb60000 - 0x00007ff95ec9f000 	C:\WINDOWS\SYSTEM32\wintypes.dll
0x00007ff963050000 - 0x00007ff963144000 	C:\WINDOWS\System32\SHCORE.dll
0x00007ff9639b0000 - 0x00007ff963a0e000 	C:\WINDOWS\System32\shlwapi.dll
0x00007ff960cd0000 - 0x00007ff960cf1000 	C:\WINDOWS\SYSTEM32\profapi.dll
0x00007ff937cf0000 - 0x00007ff937d09000 	C:\Users\sonal\.vscode\extensions\redhat.java-1.32.0-win32-x64\jre\17.0.11-win32-x86_64\bin\net.dll
0x00007ff95c9c0000 - 0x00007ff95caf6000 	C:\WINDOWS\SYSTEM32\WINHTTP.dll
0x00007ff960200000 - 0x00007ff960269000 	C:\WINDOWS\system32\mswsock.dll
0x00007ff9379f0000 - 0x00007ff937a06000 	C:\Users\sonal\.vscode\extensions\redhat.java-1.32.0-win32-x64\jre\17.0.11-win32-x86_64\bin\nio.dll
0x00007ff941d20000 - 0x00007ff941d30000 	c:\Users\sonal\.vscode\extensions\redhat.java-1.32.0-win32-x64\jre\17.0.11-win32-x86_64\bin\verify.dll

dbghelp: loaded successfully - version: 4.0.5 - missing functions: none
symbol engine: initialized successfully - sym options: 0x614 - pdb path: .;c:\Users\sonal\.vscode\extensions\redhat.java-1.32.0-win32-x64\jre\17.0.11-win32-x86_64\bin;C:\WINDOWS\SYSTEM32;C:\WINDOWS\WinSxS\amd64_microsoft.windows.common-controls_6595b64144ccf1df_6.0.22621.3672_none_2713b9d173822955;c:\Users\sonal\.vscode\extensions\redhat.java-1.32.0-win32-x64\jre\17.0.11-win32-x86_64\bin\server

VM Arguments:
jvm_args: --add-modules=ALL-SYSTEM --add-opens=java.base/java.util=ALL-UNNAMED --add-opens=java.base/java.lang=ALL-UNNAMED --add-opens=java.base/sun.nio.fs=ALL-UNNAMED -Declipse.application=org.eclipse.jdt.ls.core.id1 -Dosgi.bundles.defaultStartLevel=4 -Declipse.product=org.eclipse.jdt.ls.core.product -Djava.import.generatesMetadataFilesAtProjectRoot=false -DDetectVMInstallationsJob.disabled=true -Dfile.encoding=utf8 -XX:+UseParallelGC -XX:GCTimeRatio=4 -XX:AdaptiveSizePolicyWeight=90 -Dsun.zip.disableMemoryMapping=true -Xmx1G -Xms100m -Xlog:disable -javaagent:c:\Users\sonal\.vscode\extensions\redhat.java-1.32.0-win32-x64\lombok\lombok-1.18.33.jar 
java_command: c:\Users\sonal\.vscode\extensions\redhat.java-1.32.0-win32-x64\server\plugins\org.eclipse.equinox.launcher_1.6.900.v20240613-2009.jar -configuration c:\Users\sonal\AppData\Roaming\Code\User\globalStorage\redhat.java\1.32.0\config_ss_win -data c:\Users\sonal\AppData\Roaming\Code\User\workspaceStorage\d6adfddfb8cd7e73dcb91b38dd2ae75c\redhat.java\ss_ws --pipe=\\.\pipe\lsp-0bdefc6dec56e92b2fda52c388bae877-sock
java_class_path (initial): c:\Users\sonal\.vscode\extensions\redhat.java-1.32.0-win32-x64\server\plugins\org.eclipse.equinox.launcher_1.6.900.v20240613-2009.jar
Launcher Type: SUN_STANDARD

[Global flags]
    uintx AdaptiveSizePolicyWeight                 = 90                                        {product} {command line}
     intx CICompilerCount                          = 4                                         {product} {ergonomic}
    uintx GCTimeRatio                              = 4                                         {product} {command line}
   size_t InitialHeapSize                          = 104857600                                 {product} {command line}
   size_t MaxHeapSize                              = 1073741824                                {product} {command line}
   size_t MaxNewSize                               = 357564416                                 {product} {ergonomic}
   size_t MinHeapDeltaBytes                        = 524288                                    {product} {ergonomic}
   size_t MinHeapSize                              = 104857600                                 {product} {command line}
   size_t NewSize                                  = 34603008                                  {product} {ergonomic}
    uintx NonNMethodCodeHeapSize                   = 5839372                                {pd product} {ergonomic}
    uintx NonProfiledCodeHeapSize                  = 122909434                              {pd product} {ergonomic}
   size_t OldSize                                  = 70254592                                  {product} {ergonomic}
    uintx ProfiledCodeHeapSize                     = 122909434                              {pd product} {ergonomic}
    uintx ReservedCodeCacheSize                    = 251658240                              {pd product} {ergonomic}
     bool SegmentedCodeCache                       = true                                      {product} {ergonomic}
   size_t SoftMaxHeapSize                          = 1073741824                             {manageable} {ergonomic}
     bool UseCompressedClassPointers               = true                           {product lp64_product} {ergonomic}
     bool UseCompressedOops                        = true                           {product lp64_product} {ergonomic}
     bool UseLargePagesIndividualAllocation        = false                                  {pd product} {ergonomic}
     bool UseParallelGC                            = true                                      {product} {command line}

Logging:
Log output configuration:
 #0: stdout all=off uptime,level,tags
 #1: stderr all=off uptime,level,tags

Environment Variables:
JAVA_HOME=C:\Program Files\Java\jdk-11
PATH=C:\Program Files\Common Files\Oracle\Java\javapath;C:\Program Files\Java\jdk-11\bin;C:\Python312\Scripts\;C:\Python312\;C:\WINDOWS\system32;C:\WINDOWS;C:\WINDOWS\System32\Wbem;C:\WINDOWS\System32\WindowsPowerShell\v1.0\;C:\WINDOWS\System32\OpenSSH\;C:\Program Files\nodejs\;C:\ProgramData\chocolatey\bin;C:\Program Files\Git\cmd;C:\Program Files\Java\jdk-11\bin;C:\adb;C:\Users\sonal\AppData\Local\Android\Sdk;C:\Users\sonal\AppData\Local\Android\Sdk\platform-tools;C:\Users\sonal\AppData\Local\Android\Sdk\tools;C:\Program Files\Java\jdk-11\bin;C:\Users\sonal\AppData\Local\Microsoft\WindowsApps;C:\Users\sonal\AppData\Local\Programs\Microsoft VS Code\bin;C:\Users\sonal\AppData\Roaming\npm;C:\Program Files\nodejs;C:\Program Files\Java\jdk-11\bin;%GRADLE_HOME%\bin;;C:\Users\sonal\AppData\Local\Programs\Azure Data Studio\bin
USERNAME=sonal
OS=Windows_NT
PROCESSOR_IDENTIFIER=Intel64 Family 6 Model 142 Stepping 12, GenuineIntel
TMP=C:\Users\sonal\AppData\Local\Temp
TEMP=C:\Users\sonal\AppData\Local\Temp



Periodic native trim disabled


---------------  S Y S T E M  ---------------

OS:
 Windows 11 , 64 bit Build 22621 (10.0.22621.3672)
OS uptime: 1 days 1:17 hours
Hyper-V role detected

CPU: total 8 (initial active 8) (4 cores per cpu, 2 threads per core) family 6 model 142 stepping 12 microcode 0xea, cx8, cmov, fxsr, ht, mmx, 3dnowpref, sse, sse2, sse3, ssse3, sse4.1, sse4.2, popcnt, lzcnt, tsc, tscinvbit, avx, avx2, aes, erms, clmul, bmi1, bmi2, adx, fma, vzeroupper, clflush, clflushopt, hv
Processor Information for processor 0
  Max Mhz: 2112, Current Mhz: 1609, Mhz Limit: 1605
Processor Information for processor 1
  Max Mhz: 2112, Current Mhz: 1609, Mhz Limit: 1605
Processor Information for processor 2
  Max Mhz: 2112, Current Mhz: 1609, Mhz Limit: 1605
Processor Information for processor 3
  Max Mhz: 2112, Current Mhz: 1508, Mhz Limit: 1605
Processor Information for processor 4
  Max Mhz: 2112, Current Mhz: 1609, Mhz Limit: 1605
Processor Information for processor 5
  Max Mhz: 2112, Current Mhz: 1609, Mhz Limit: 1605
Processor Information for processor 6
  Max Mhz: 2112, Current Mhz: 1609, Mhz Limit: 1605
Processor Information for processor 7
  Max Mhz: 2112, Current Mhz: 1508, Mhz Limit: 1605

Memory: 4k page, system-wide physical 7995M (254M free)
TotalPageFile size 23620M (AvailPageFile size 47M)
current process WorkingSet (physical memory assigned to process): 45M, peak: 45M
current process commit charge ("private bytes"): 189M, peak: 189M

vm_info: OpenJDK 64-Bit Server VM (17.0.11+9) for windows-amd64 JRE (17.0.11+9), built on Apr 17 2024 06:07:48 by "admin" with MS VC++ 16.10 / 16.11 (VS2019)

END.
